#! /c/Source/iverilog-install/bin/vvp
:ivl_version "12.0 (devel)" "(s20150603-1539-g2693dd32b)";
:ivl_delay_selection "TYPICAL";
:vpi_time_precision - 12;
:vpi_module "C:\iverilog\lib\ivl\system.vpi";
:vpi_module "C:\iverilog\lib\ivl\vhdl_sys.vpi";
:vpi_module "C:\iverilog\lib\ivl\vhdl_textio.vpi";
:vpi_module "C:\iverilog\lib\ivl\v2005_math.vpi";
:vpi_module "C:\iverilog\lib\ivl\va_math.vpi";
S_000002c293858d60 .scope module, "washing_machine_tb" "washing_machine_tb" 2 4;
 .timescale -9 -12;
v000002c2938ba0a0_0 .var "clk", 0 0;
v000002c2938b87a0_0 .var "door_sensor", 0 0;
v000002c2938b9380_0 .net "drain_valve", 0 0, v000002c29383f2c0_0;  1 drivers
v000002c2938b9b00_0 .net "leds", 3 0, v000002c2938b6a80_0;  1 drivers
v000002c2938b9420_0 .var "mode_select", 1 0;
v000002c2938b9ba0_0 .net "motor", 0 0, v000002c2938b6c60_0;  1 drivers
v000002c2938b92e0_0 .net "motor_dir", 1 0, v000002c2938b6800_0;  1 drivers
v000002c2938b9e20_0 .var "reset", 0 0;
v000002c2938b9600_0 .var "start_pause", 0 0;
v000002c2938b96a0_0 .var "state_name", 160 1;
v000002c2938b97e0_0 .net "water_valve", 0 0, v000002c2938b6760_0;  1 drivers
E_000002c2938235c0 .event anyedge, v000002c29383f0e0_0;
S_000002c293859480 .scope task, "test_mode" "test_mode" 2 146, 2 146 0, S_000002c293858d60;
 .timescale -9 -12;
v000002c2938248a0_0 .var "mode", 1 0;
v000002c293824940_0 .var "mode_str", 160 1;
TD_washing_machine_tb.test_mode ;
    %vpi_call 2 150 "$display", "\012Testing %0s mode", v000002c293824940_0 {0 0 0};
    %pushi/vec4 1, 0, 1;
    %store/vec4 v000002c2938b9e20_0, 0, 1;
    %delay 10000, 0;
    %pushi/vec4 0, 0, 1;
    %store/vec4 v000002c2938b9e20_0, 0, 1;
    %load/vec4 v000002c2938248a0_0;
    %store/vec4 v000002c2938b9420_0, 0, 2;
    %pushi/vec4 1, 0, 1;
    %store/vec4 v000002c2938b9600_0, 0, 1;
    %delay 10000, 0;
    %pushi/vec4 0, 0, 1;
    %store/vec4 v000002c2938b9600_0, 0, 1;
    %delay 200000000, 0;
    %end;
S_000002c29385df90 .scope module, "uut" "washing_machine_top" 2 21, 3 5 0, S_000002c293858d60;
 .timescale -9 -12;
    .port_info 0 /INPUT 1 "clk";
    .port_info 1 /INPUT 1 "reset";
    .port_info 2 /INPUT 1 "start_pause";
    .port_info 3 /INPUT 2 "mode_select";
    .port_info 4 /INPUT 1 "door_sensor";
    .port_info 5 /OUTPUT 1 "water_valve";
    .port_info 6 /OUTPUT 1 "drain_valve";
    .port_info 7 /OUTPUT 1 "motor";
    .port_info 8 /OUTPUT 2 "motor_dir";
    .port_info 9 /OUTPUT 4 "leds";
v000002c2938b6bc0_0 .net "clk", 0 0, v000002c2938ba0a0_0;  1 drivers
v000002c2938b6d00_0 .net "door_sensor", 0 0, v000002c2938b87a0_0;  1 drivers
v000002c2938b6da0_0 .net "drain_valve", 0 0, v000002c29383f2c0_0;  alias, 1 drivers
v000002c2938b6300_0 .net "leds", 3 0, v000002c2938b6a80_0;  alias, 1 drivers
v000002c2938b64e0_0 .net "mode_select", 1 0, v000002c2938b9420_0;  1 drivers
v000002c2938b6ee0_0 .net "motor", 0 0, v000002c2938b6c60_0;  alias, 1 drivers
v000002c2938b6580_0 .net "motor_dir", 1 0, v000002c2938b6800_0;  alias, 1 drivers
v000002c2938b8660_0 .net "reset", 0 0, v000002c2938b9e20_0;  1 drivers
v000002c2938b9880_0 .net "start_pause", 0 0, v000002c2938b9600_0;  1 drivers
v000002c2938b99c0_0 .net "timer_done", 0 0, v000002c2938b6120_0;  1 drivers
v000002c2938b8340_0 .net "timer_start", 0 0, v000002c2938b6b20_0;  1 drivers
v000002c2938b9560_0 .net "timer_value", 31 0, v000002c2938b69e0_0;  1 drivers
v000002c2938b85c0_0 .net "water_valve", 0 0, v000002c2938b6760_0;  alias, 1 drivers
S_000002c29385e120 .scope module, "fsm_inst" "washing_machine_fsm" 3 24, 4 1 0, S_000002c29385df90;
 .timescale -9 -12;
    .port_info 0 /INPUT 1 "clk";
    .port_info 1 /INPUT 1 "reset";
    .port_info 2 /INPUT 1 "start_pause";
    .port_info 3 /INPUT 2 "mode_select";
    .port_info 4 /INPUT 1 "door_sensor";
    .port_info 5 /INPUT 1 "timer_done";
    .port_info 6 /OUTPUT 1 "water_valve";
    .port_info 7 /OUTPUT 1 "drain_valve";
    .port_info 8 /OUTPUT 1 "motor";
    .port_info 9 /OUTPUT 2 "motor_dir";
    .port_info 10 /OUTPUT 4 "leds";
    .port_info 11 /OUTPUT 32 "timer_value";
    .port_info 12 /OUTPUT 1 "timer_start";
P_000002c2937d68d0 .param/l "COMPLETE" 0 4 24, C4<110>;
P_000002c2937d6908 .param/l "DELICATE" 0 4 31, C4<01>;
P_000002c2937d6940 .param/l "ERROR" 0 4 25, C4<111>;
P_000002c2937d6978 .param/l "FILL_TIME" 0 4 36, +C4<00000000010011000100101101000000>;
P_000002c2937d69b0 .param/l "FILL_WATER" 0 4 19, C4<001>;
P_000002c2937d69e8 .param/l "HEAVY" 0 4 32, C4<10>;
P_000002c2937d6a20 .param/l "IDLE" 0 4 18, C4<000>;
P_000002c2937d6a58 .param/l "NORMAL" 0 4 30, C4<00>;
P_000002c2937d6a90 .param/l "PAUSE" 0 4 23, C4<101>;
P_000002c2937d6ac8 .param/l "RINSE" 0 4 21, C4<011>;
P_000002c2937d6b00 .param/l "RINSE_ONLY" 0 4 33, C4<11>;
P_000002c2937d6b38 .param/l "RINSE_TIME" 0 4 38, +C4<00000000100110001001011010000000>;
P_000002c2937d6b70 .param/l "SPIN" 0 4 22, C4<100>;
P_000002c2937d6ba8 .param/l "SPIN_TIME" 0 4 39, +C4<00000000011110100001001000000000>;
P_000002c2937d6be0 .param/l "WASH" 0 4 20, C4<010>;
P_000002c2937d6c18 .param/l "WASH_TIME" 0 4 37, +C4<00000000111001001110000111000000>;
v000002c2938596c0_0 .net "clk", 0 0, v000002c2938ba0a0_0;  alias, 1 drivers
v000002c2937d6c60_0 .var "current_mode", 1 0;
v000002c29383f0e0_0 .var "current_state", 3 0;
v000002c29383f180_0 .var "door_closed", 0 0;
v000002c29383f220_0 .net "door_sensor", 0 0, v000002c2938b87a0_0;  alias, 1 drivers
v000002c29383f2c0_0 .var "drain_valve", 0 0;
v000002c29383f360_0 .var "is_paused", 0 0;
v000002c29383f400_0 .var "is_running", 0 0;
v000002c2938b6a80_0 .var "leds", 3 0;
v000002c2938b6f80_0 .net "mode_select", 1 0, v000002c2938b9420_0;  alias, 1 drivers
v000002c2938b6c60_0 .var "motor", 0 0;
v000002c2938b6800_0 .var "motor_dir", 1 0;
v000002c2938b6080_0 .var "next_state", 3 0;
v000002c2938b61c0_0 .net "reset", 0 0, v000002c2938b9e20_0;  alias, 1 drivers
v000002c2938b6620_0 .net "start_pause", 0 0, v000002c2938b9600_0;  alias, 1 drivers
v000002c2938b66c0_0 .net "timer_done", 0 0, v000002c2938b6120_0;  alias, 1 drivers
v000002c2938b6b20_0 .var "timer_start", 0 0;
v000002c2938b69e0_0 .var "timer_value", 31 0;
v000002c2938b6760_0 .var "water_valve", 0 0;
E_000002c293823100 .event posedge, v000002c2938596c0_0;
E_000002c293822b00/0 .event anyedge, v000002c29383f0e0_0, v000002c2938b6620_0, v000002c29383f180_0, v000002c29383f400_0;
E_000002c293822b00/1 .event anyedge, v000002c2938b6f80_0, v000002c2938b66c0_0, v000002c2937d6c60_0;
E_000002c293822b00 .event/or E_000002c293822b00/0, E_000002c293822b00/1;
E_000002c293823780 .event posedge, v000002c2938b61c0_0, v000002c2938596c0_0;
S_000002c2938b7150 .scope module, "timer_inst" "timer" 3 41, 5 3 0, S_000002c29385df90;
 .timescale -9 -12;
    .port_info 0 /INPUT 1 "clk";
    .port_info 1 /INPUT 1 "reset";
    .port_info 2 /INPUT 1 "start";
    .port_info 3 /INPUT 32 "duration";
    .port_info 4 /OUTPUT 1 "done";
v000002c2938b68a0_0 .var "active", 0 0;
v000002c2938b6440_0 .net "clk", 0 0, v000002c2938ba0a0_0;  alias, 1 drivers
v000002c2938b6e40_0 .var "counter", 31 0;
v000002c2938b6120_0 .var "done", 0 0;
v000002c2938b6940_0 .net "duration", 31 0, v000002c2938b69e0_0;  alias, 1 drivers
v000002c2938b6260_0 .net "reset", 0 0, v000002c2938b9e20_0;  alias, 1 drivers
v000002c2938b63a0_0 .net "start", 0 0, v000002c2938b6b20_0;  alias, 1 drivers
    .scope S_000002c29385e120;
T_1 ;
    %wait E_000002c293823780;
    %load/vec4 v000002c2938b61c0_0;
    %flag_set/vec4 8;
    %jmp/0xz  T_1.0, 8;
    %pushi/vec4 0, 0, 4;
    %assign/vec4 v000002c29383f0e0_0, 0;
    %pushi/vec4 0, 0, 1;
    %assign/vec4 v000002c29383f400_0, 0;
    %pushi/vec4 0, 0, 1;
    %assign/vec4 v000002c29383f360_0, 0;
    %pushi/vec4 0, 0, 1;
    %assign/vec4 v000002c2938b6b20_0, 0;
    %jmp T_1.1;
T_1.0 ;
    %load/vec4 v000002c29383f220_0;
    %assign/vec4 v000002c29383f180_0, 0;
    %load/vec4 v000002c2938b6080_0;
    %assign/vec4 v000002c29383f0e0_0, 0;
    %load/vec4 v000002c2938b6b20_0;
    %flag_set/vec4 8;
    %jmp/0xz  T_1.2, 8;
    %pushi/vec4 0, 0, 1;
    %assign/vec4 v000002c2938b6b20_0, 0;
T_1.2 ;
T_1.1 ;
    %jmp T_1;
    .thread T_1;
    .scope S_000002c29385e120;
T_2 ;
    %wait E_000002c293822b00;
    %load/vec4 v000002c29383f0e0_0;
    %store/vec4 v000002c2938b6080_0, 0, 4;
    %pushi/vec4 0, 0, 1;
    %store/vec4 v000002c2938b6b20_0, 0, 1;
    %pushi/vec4 0, 0, 32;
    %store/vec4 v000002c2938b69e0_0, 0, 32;
    %load/vec4 v000002c29383f0e0_0;
    %dup/vec4;
    %pushi/vec4 0, 0, 4;
    %cmp/u;
    %jmp/1 T_2.0, 6;
    %dup/vec4;
    %pushi/vec4 1, 0, 4;
    %cmp/u;
    %jmp/1 T_2.1, 6;
    %dup/vec4;
    %pushi/vec4 2, 0, 4;
    %cmp/u;
    %jmp/1 T_2.2, 6;
    %dup/vec4;
    %pushi/vec4 3, 0, 4;
    %cmp/u;
    %jmp/1 T_2.3, 6;
    %dup/vec4;
    %pushi/vec4 4, 0, 4;
    %cmp/u;
    %jmp/1 T_2.4, 6;
    %dup/vec4;
    %pushi/vec4 5, 0, 4;
    %cmp/u;
    %jmp/1 T_2.5, 6;
    %dup/vec4;
    %pushi/vec4 6, 0, 4;
    %cmp/u;
    %jmp/1 T_2.6, 6;
    %dup/vec4;
    %pushi/vec4 7, 0, 4;
    %cmp/u;
    %jmp/1 T_2.7, 6;
    %pushi/vec4 0, 0, 4;
    %store/vec4 v000002c2938b6080_0, 0, 4;
    %jmp T_2.9;
T_2.0 ;
    %load/vec4 v000002c2938b6620_0;
    %flag_set/vec4 10;
    %flag_get/vec4 10;
    %jmp/0 T_2.13, 10;
    %load/vec4 v000002c29383f180_0;
    %and;
T_2.13;
    %flag_set/vec4 9;
    %flag_get/vec4 9;
    %jmp/0 T_2.12, 9;
    %load/vec4 v000002c29383f400_0;
    %nor/r;
    %and;
T_2.12;
    %flag_set/vec4 8;
    %jmp/0xz  T_2.10, 8;
    %pushi/vec4 1, 0, 4;
    %store/vec4 v000002c2938b6080_0, 0, 4;
    %pushi/vec4 1, 0, 1;
    %store/vec4 v000002c29383f400_0, 0, 1;
    %load/vec4 v000002c2938b6f80_0;
    %store/vec4 v000002c2937d6c60_0, 0, 2;
    %pushi/vec4 5000000, 0, 32;
    %store/vec4 v000002c2938b69e0_0, 0, 32;
    %pushi/vec4 1, 0, 1;
    %store/vec4 v000002c2938b6b20_0, 0, 1;
T_2.10 ;
    %jmp T_2.9;
T_2.1 ;
    %load/vec4 v000002c29383f180_0;
    %nor/r;
    %flag_set/vec4 8;
    %jmp/0xz  T_2.14, 8;
    %pushi/vec4 7, 0, 4;
    %store/vec4 v000002c2938b6080_0, 0, 4;
    %jmp T_2.15;
T_2.14 ;
    %load/vec4 v000002c2938b66c0_0;
    %flag_set/vec4 8;
    %jmp/0xz  T_2.16, 8;
    %load/vec4 v000002c2937d6c60_0;
    %cmpi/e 3, 0, 2;
    %jmp/0xz  T_2.18, 4;
    %pushi/vec4 3, 0, 4;
    %store/vec4 v000002c2938b6080_0, 0, 4;
    %pushi/vec4 10000000, 0, 32;
    %store/vec4 v000002c2938b69e0_0, 0, 32;
    %jmp T_2.19;
T_2.18 ;
    %pushi/vec4 2, 0, 4;
    %store/vec4 v000002c2938b6080_0, 0, 4;
    %load/vec4 v000002c2937d6c60_0;
    %cmpi/e 1, 0, 2;
    %flag_mov 8, 4;
    %jmp/0 T_2.20, 8;
    %pushi/vec4 7500000, 0, 32;
    %jmp/1 T_2.21, 8;
T_2.20 ; End of true expr.
    %load/vec4 v000002c2937d6c60_0;
    %cmpi/e 2, 0, 2;
    %flag_mov 9, 4;
    %jmp/0 T_2.22, 9;
    %pushi/vec4 30000000, 0, 32;
    %jmp/1 T_2.23, 9;
T_2.22 ; End of true expr.
    %pushi/vec4 15000000, 0, 32;
    %jmp/0 T_2.23, 9;
 ; End of false expr.
    %blend;
T_2.23;
    %jmp/0 T_2.21, 8;
 ; End of false expr.
    %blend;
T_2.21;
    %store/vec4 v000002c2938b69e0_0, 0, 32;
T_2.19 ;
    %pushi/vec4 1, 0, 1;
    %store/vec4 v000002c2938b6b20_0, 0, 1;
T_2.16 ;
T_2.15 ;
    %jmp T_2.9;
T_2.2 ;
    %load/vec4 v000002c29383f180_0;
    %nor/r;
    %flag_set/vec4 8;
    %jmp/0xz  T_2.24, 8;
    %pushi/vec4 7, 0, 4;
    %store/vec4 v000002c2938b6080_0, 0, 4;
    %jmp T_2.25;
T_2.24 ;
    %load/vec4 v000002c2938b66c0_0;
    %flag_set/vec4 8;
    %jmp/0xz  T_2.26, 8;
    %pushi/vec4 3, 0, 4;
    %store/vec4 v000002c2938b6080_0, 0, 4;
    %pushi/vec4 10000000, 0, 32;
    %store/vec4 v000002c2938b69e0_0, 0, 32;
    %pushi/vec4 1, 0, 1;
    %store/vec4 v000002c2938b6b20_0, 0, 1;
T_2.26 ;
T_2.25 ;
    %jmp T_2.9;
T_2.3 ;
    %load/vec4 v000002c29383f180_0;
    %nor/r;
    %flag_set/vec4 8;
    %jmp/0xz  T_2.28, 8;
    %pushi/vec4 7, 0, 4;
    %store/vec4 v000002c2938b6080_0, 0, 4;
    %jmp T_2.29;
T_2.28 ;
    %load/vec4 v000002c2938b66c0_0;
    %flag_set/vec4 8;
    %jmp/0xz  T_2.30, 8;
    %pushi/vec4 4, 0, 4;
    %store/vec4 v000002c2938b6080_0, 0, 4;
    %pushi/vec4 8000000, 0, 32;
    %store/vec4 v000002c2938b69e0_0, 0, 32;
    %pushi/vec4 1, 0, 1;
    %store/vec4 v000002c2938b6b20_0, 0, 1;
T_2.30 ;
T_2.29 ;
    %jmp T_2.9;
T_2.4 ;
    %load/vec4 v000002c29383f180_0;
    %nor/r;
    %flag_set/vec4 8;
    %jmp/0xz  T_2.32, 8;
    %pushi/vec4 7, 0, 4;
    %store/vec4 v000002c2938b6080_0, 0, 4;
    %jmp T_2.33;
T_2.32 ;
    %load/vec4 v000002c2938b66c0_0;
    %flag_set/vec4 8;
    %jmp/0xz  T_2.34, 8;
    %pushi/vec4 6, 0, 4;
    %store/vec4 v000002c2938b6080_0, 0, 4;
    %pushi/vec4 0, 0, 32;
    %store/vec4 v000002c2938b69e0_0, 0, 32;
    %pushi/vec4 0, 0, 1;
    %store/vec4 v000002c2938b6b20_0, 0, 1;
T_2.34 ;
T_2.33 ;
    %jmp T_2.9;
T_2.5 ;
    %load/vec4 v000002c2938b6620_0;
    %flag_set/vec4 9;
    %flag_get/vec4 9;
    %jmp/0 T_2.38, 9;
    %load/vec4 v000002c29383f180_0;
    %and;
T_2.38;
    %flag_set/vec4 8;
    %jmp/0xz  T_2.36, 8;
    %load/vec4 v000002c29383f0e0_0;
    %store/vec4 v000002c2938b6080_0, 0, 4;
    %pushi/vec4 0, 0, 1;
    %store/vec4 v000002c29383f360_0, 0, 1;
    %pushi/vec4 0, 0, 1;
    %store/vec4 v000002c2938b6b20_0, 0, 1;
T_2.36 ;
    %jmp T_2.9;
T_2.6 ;
    %load/vec4 v000002c2938b6620_0;
    %flag_set/vec4 8;
    %jmp/0xz  T_2.39, 8;
    %pushi/vec4 0, 0, 4;
    %store/vec4 v000002c2938b6080_0, 0, 4;
    %pushi/vec4 0, 0, 1;
    %store/vec4 v000002c29383f400_0, 0, 1;
T_2.39 ;
    %jmp T_2.9;
T_2.7 ;
    %load/vec4 v000002c29383f180_0;
    %flag_set/vec4 9;
    %flag_get/vec4 9;
    %jmp/0 T_2.43, 9;
    %load/vec4 v000002c2938b6620_0;
    %and;
T_2.43;
    %flag_set/vec4 8;
    %jmp/0xz  T_2.41, 8;
    %pushi/vec4 0, 0, 4;
    %store/vec4 v000002c2938b6080_0, 0, 4;
    %pushi/vec4 0, 0, 1;
    %store/vec4 v000002c29383f400_0, 0, 1;
T_2.41 ;
    %jmp T_2.9;
T_2.9 ;
    %pop/vec4 1;
    %load/vec4 v000002c2938b6620_0;
    %flag_set/vec4 11;
    %flag_get/vec4 11;
    %jmp/0 T_2.48, 11;
    %load/vec4 v000002c29383f400_0;
    %and;
T_2.48;
    %flag_set/vec4 10;
    %flag_get/vec4 10;
    %jmp/0 T_2.47, 10;
    %load/vec4 v000002c29383f180_0;
    %and;
T_2.47;
    %flag_set/vec4 9;
    %flag_get/vec4 9;
    %jmp/0 T_2.46, 9;
    %load/vec4 v000002c29383f0e0_0;
    %pushi/vec4 5, 0, 4;
    %cmp/ne;
    %flag_get/vec4 4;
    %and;
T_2.46;
    %flag_set/vec4 8;
    %jmp/0xz  T_2.44, 8;
    %pushi/vec4 5, 0, 4;
    %store/vec4 v000002c2938b6080_0, 0, 4;
    %pushi/vec4 1, 0, 1;
    %store/vec4 v000002c29383f360_0, 0, 1;
T_2.44 ;
    %jmp T_2;
    .thread T_2, $push;
    .scope S_000002c29385e120;
T_3 ;
    %wait E_000002c293823100;
    %pushi/vec4 0, 0, 1;
    %assign/vec4 v000002c2938b6760_0, 0;
    %pushi/vec4 0, 0, 1;
    %assign/vec4 v000002c29383f2c0_0, 0;
    %pushi/vec4 0, 0, 1;
    %assign/vec4 v000002c2938b6c60_0, 0;
    %pushi/vec4 0, 0, 2;
    %assign/vec4 v000002c2938b6800_0, 0;
    %pushi/vec4 0, 0, 4;
    %assign/vec4 v000002c2938b6a80_0, 0;
    %load/vec4 v000002c29383f0e0_0;
    %dup/vec4;
    %pushi/vec4 0, 0, 4;
    %cmp/u;
    %jmp/1 T_3.0, 6;
    %dup/vec4;
    %pushi/vec4 1, 0, 4;
    %cmp/u;
    %jmp/1 T_3.1, 6;
    %dup/vec4;
    %pushi/vec4 2, 0, 4;
    %cmp/u;
    %jmp/1 T_3.2, 6;
    %dup/vec4;
    %pushi/vec4 3, 0, 4;
    %cmp/u;
    %jmp/1 T_3.3, 6;
    %dup/vec4;
    %pushi/vec4 4, 0, 4;
    %cmp/u;
    %jmp/1 T_3.4, 6;
    %dup/vec4;
    %pushi/vec4 5, 0, 4;
    %cmp/u;
    %jmp/1 T_3.5, 6;
    %dup/vec4;
    %pushi/vec4 6, 0, 4;
    %cmp/u;
    %jmp/1 T_3.6, 6;
    %dup/vec4;
    %pushi/vec4 7, 0, 4;
    %cmp/u;
    %jmp/1 T_3.7, 6;
    %jmp T_3.8;
T_3.0 ;
    %pushi/vec4 1, 0, 4;
    %assign/vec4 v000002c2938b6a80_0, 0;
    %jmp T_3.8;
T_3.1 ;
    %pushi/vec4 1, 0, 1;
    %assign/vec4 v000002c2938b6760_0, 0;
    %pushi/vec4 2, 0, 4;
    %assign/vec4 v000002c2938b6a80_0, 0;
    %jmp T_3.8;
T_3.2 ;
    %pushi/vec4 1, 0, 1;
    %assign/vec4 v000002c2938b6c60_0, 0;
    %load/vec4 v000002c2938b69e0_0;
    %parti/s 1, 20, 6;
    %flag_set/vec4 8;
    %jmp/0 T_3.9, 8;
    %pushi/vec4 1, 0, 2;
    %jmp/1 T_3.10, 8;
T_3.9 ; End of true expr.
    %pushi/vec4 2, 0, 2;
    %jmp/0 T_3.10, 8;
 ; End of false expr.
    %blend;
T_3.10;
    %assign/vec4 v000002c2938b6800_0, 0;
    %pushi/vec4 4, 0, 4;
    %assign/vec4 v000002c2938b6a80_0, 0;
    %jmp T_3.8;
T_3.3 ;
    %pushi/vec4 1, 0, 1;
    %assign/vec4 v000002c2938b6760_0, 0;
    %pushi/vec4 1, 0, 1;
    %assign/vec4 v000002c2938b6c60_0, 0;
    %load/vec4 v000002c2938b69e0_0;
    %parti/s 1, 20, 6;
    %flag_set/vec4 8;
    %jmp/0 T_3.11, 8;
    %pushi/vec4 1, 0, 2;
    %jmp/1 T_3.12, 8;
T_3.11 ; End of true expr.
    %pushi/vec4 2, 0, 2;
    %jmp/0 T_3.12, 8;
 ; End of false expr.
    %blend;
T_3.12;
    %assign/vec4 v000002c2938b6800_0, 0;
    %pushi/vec4 8, 0, 4;
    %assign/vec4 v000002c2938b6a80_0, 0;
    %jmp T_3.8;
T_3.4 ;
    %pushi/vec4 1, 0, 1;
    %assign/vec4 v000002c29383f2c0_0, 0;
    %pushi/vec4 1, 0, 1;
    %assign/vec4 v000002c2938b6c60_0, 0;
    %pushi/vec4 1, 0, 2;
    %assign/vec4 v000002c2938b6800_0, 0;
    %pushi/vec4 3, 0, 4;
    %assign/vec4 v000002c2938b6a80_0, 0;
    %jmp T_3.8;
T_3.5 ;
    %pushi/vec4 10, 0, 4;
    %assign/vec4 v000002c2938b6a80_0, 0;
    %jmp T_3.8;
T_3.6 ;
    %pushi/vec4 15, 0, 4;
    %assign/vec4 v000002c2938b6a80_0, 0;
    %jmp T_3.8;
T_3.7 ;
    %pushi/vec4 9, 0, 4;
    %assign/vec4 v000002c2938b6a80_0, 0;
    %jmp T_3.8;
T_3.8 ;
    %pop/vec4 1;
    %jmp T_3;
    .thread T_3;
    .scope S_000002c2938b7150;
T_4 ;
    %wait E_000002c293823780;
    %load/vec4 v000002c2938b6260_0;
    %flag_set/vec4 8;
    %jmp/0xz  T_4.0, 8;
    %pushi/vec4 0, 0, 32;
    %assign/vec4 v000002c2938b6e40_0, 0;
    %pushi/vec4 0, 0, 1;
    %assign/vec4 v000002c2938b68a0_0, 0;
    %pushi/vec4 0, 0, 1;
    %assign/vec4 v000002c2938b6120_0, 0;
    %jmp T_4.1;
T_4.0 ;
    %pushi/vec4 0, 0, 1;
    %assign/vec4 v000002c2938b6120_0, 0;
    %load/vec4 v000002c2938b63a0_0;
    %flag_set/vec4 8;
    %jmp/0xz  T_4.2, 8;
    %load/vec4 v000002c2938b6940_0;
    %assign/vec4 v000002c2938b6e40_0, 0;
    %pushi/vec4 1, 0, 1;
    %assign/vec4 v000002c2938b68a0_0, 0;
    %jmp T_4.3;
T_4.2 ;
    %load/vec4 v000002c2938b68a0_0;
    %flag_set/vec4 8;
    %jmp/0xz  T_4.4, 8;
    %load/vec4 v000002c2938b6e40_0;
    %cmpi/u 0, 0, 32;
    %flag_or 5, 4; GT is !LE
    %flag_inv 5;
    %jmp/0xz  T_4.6, 5;
    %load/vec4 v000002c2938b6e40_0;
    %subi 1, 0, 32;
    %assign/vec4 v000002c2938b6e40_0, 0;
    %jmp T_4.7;
T_4.6 ;
    %pushi/vec4 0, 0, 1;
    %assign/vec4 v000002c2938b68a0_0, 0;
    %pushi/vec4 1, 0, 1;
    %assign/vec4 v000002c2938b6120_0, 0;
T_4.7 ;
T_4.4 ;
T_4.3 ;
T_4.1 ;
    %jmp T_4;
    .thread T_4;
    .scope S_000002c293858d60;
T_5 ;
    %pushi/vec4 0, 0, 1;
    %store/vec4 v000002c2938ba0a0_0, 0, 1;
T_5.0 ;
    %delay 5000, 0;
    %load/vec4 v000002c2938ba0a0_0;
    %inv;
    %store/vec4 v000002c2938ba0a0_0, 0, 1;
    %jmp T_5.0;
    %end;
    .thread T_5;
    .scope S_000002c293858d60;
T_6 ;
    %vpi_call 2 42 "$dumpfile", "washing_machine.vcd" {0 0 0};
    %vpi_call 2 43 "$dumpvars", 32'sb00000000000000000000000000000000, S_000002c293858d60 {0 0 0};
    %end;
    .thread T_6;
    .scope S_000002c293858d60;
T_7 ;
    %wait E_000002c2938235c0;
    %load/vec4 v000002c29383f0e0_0;
    %dup/vec4;
    %pushi/vec4 0, 0, 4;
    %cmp/u;
    %jmp/1 T_7.0, 6;
    %dup/vec4;
    %pushi/vec4 1, 0, 4;
    %cmp/u;
    %jmp/1 T_7.1, 6;
    %dup/vec4;
    %pushi/vec4 2, 0, 4;
    %cmp/u;
    %jmp/1 T_7.2, 6;
    %dup/vec4;
    %pushi/vec4 3, 0, 4;
    %cmp/u;
    %jmp/1 T_7.3, 6;
    %dup/vec4;
    %pushi/vec4 4, 0, 4;
    %cmp/u;
    %jmp/1 T_7.4, 6;
    %dup/vec4;
    %pushi/vec4 5, 0, 4;
    %cmp/u;
    %jmp/1 T_7.5, 6;
    %dup/vec4;
    %pushi/vec4 6, 0, 4;
    %cmp/u;
    %jmp/1 T_7.6, 6;
    %dup/vec4;
    %pushi/vec4 7, 0, 4;
    %cmp/u;
    %jmp/1 T_7.7, 6;
    %pushi/vec4 0, 0, 32; draw_string_vec4
    %pushi/vec4 0, 0, 32; draw_string_vec4
    %concat/vec4; draw_string_vec4
    %pushi/vec4 0, 0, 32; draw_string_vec4
    %concat/vec4; draw_string_vec4
    %pushi/vec4 5590603, 0, 32; draw_string_vec4
    %concat/vec4; draw_string_vec4
    %pushi/vec4 1313822542, 0, 32; draw_string_vec4
    %concat/vec4; draw_string_vec4
    %store/vec4 v000002c2938b96a0_0, 0, 160;
    %jmp T_7.9;
T_7.0 ;
    %pushi/vec4 0, 0, 32; draw_string_vec4
    %pushi/vec4 0, 0, 32; draw_string_vec4
    %concat/vec4; draw_string_vec4
    %pushi/vec4 0, 0, 32; draw_string_vec4
    %concat/vec4; draw_string_vec4
    %pushi/vec4 0, 0, 32; draw_string_vec4
    %concat/vec4; draw_string_vec4
    %pushi/vec4 1229212741, 0, 32; draw_string_vec4
    %concat/vec4; draw_string_vec4
    %store/vec4 v000002c2938b96a0_0, 0, 160;
    %jmp T_7.9;
T_7.1 ;
    %pushi/vec4 0, 0, 32; draw_string_vec4
    %pushi/vec4 0, 0, 32; draw_string_vec4
    %concat/vec4; draw_string_vec4
    %pushi/vec4 17993, 0, 32; draw_string_vec4
    %concat/vec4; draw_string_vec4
    %pushi/vec4 1280073559, 0, 32; draw_string_vec4
    %concat/vec4; draw_string_vec4
    %pushi/vec4 1096041810, 0, 32; draw_string_vec4
    %concat/vec4; draw_string_vec4
    %store/vec4 v000002c2938b96a0_0, 0, 160;
    %jmp T_7.9;
T_7.2 ;
    %pushi/vec4 0, 0, 32; draw_string_vec4
    %pushi/vec4 0, 0, 32; draw_string_vec4
    %concat/vec4; draw_string_vec4
    %pushi/vec4 0, 0, 32; draw_string_vec4
    %concat/vec4; draw_string_vec4
    %pushi/vec4 0, 0, 32; draw_string_vec4
    %concat/vec4; draw_string_vec4
    %pushi/vec4 1463898952, 0, 32; draw_string_vec4
    %concat/vec4; draw_string_vec4
    %store/vec4 v000002c2938b96a0_0, 0, 160;
    %jmp T_7.9;
T_7.3 ;
    %pushi/vec4 0, 0, 32; draw_string_vec4
    %pushi/vec4 0, 0, 32; draw_string_vec4
    %concat/vec4; draw_string_vec4
    %pushi/vec4 0, 0, 32; draw_string_vec4
    %concat/vec4; draw_string_vec4
    %pushi/vec4 82, 0, 32; draw_string_vec4
    %concat/vec4; draw_string_vec4
    %pushi/vec4 1229869893, 0, 32; draw_string_vec4
    %concat/vec4; draw_string_vec4
    %store/vec4 v000002c2938b96a0_0, 0, 160;
    %jmp T_7.9;
T_7.4 ;
    %pushi/vec4 0, 0, 32; draw_string_vec4
    %pushi/vec4 0, 0, 32; draw_string_vec4
    %concat/vec4; draw_string_vec4
    %pushi/vec4 0, 0, 32; draw_string_vec4
    %concat/vec4; draw_string_vec4
    %pushi/vec4 0, 0, 32; draw_string_vec4
    %concat/vec4; draw_string_vec4
    %pushi/vec4 1397770574, 0, 32; draw_string_vec4
    %concat/vec4; draw_string_vec4
    %store/vec4 v000002c2938b96a0_0, 0, 160;
    %jmp T_7.9;
T_7.5 ;
    %pushi/vec4 0, 0, 32; draw_string_vec4
    %pushi/vec4 0, 0, 32; draw_string_vec4
    %concat/vec4; draw_string_vec4
    %pushi/vec4 0, 0, 32; draw_string_vec4
    %concat/vec4; draw_string_vec4
    %pushi/vec4 80, 0, 32; draw_string_vec4
    %concat/vec4; draw_string_vec4
    %pushi/vec4 1096110917, 0, 32; draw_string_vec4
    %concat/vec4; draw_string_vec4
    %store/vec4 v000002c2938b96a0_0, 0, 160;
    %jmp T_7.9;
T_7.6 ;
    %pushi/vec4 0, 0, 32; draw_string_vec4
    %pushi/vec4 0, 0, 32; draw_string_vec4
    %concat/vec4; draw_string_vec4
    %pushi/vec4 0, 0, 32; draw_string_vec4
    %concat/vec4; draw_string_vec4
    %pushi/vec4 1129270608, 0, 32; draw_string_vec4
    %concat/vec4; draw_string_vec4
    %pushi/vec4 1279611973, 0, 32; draw_string_vec4
    %concat/vec4; draw_string_vec4
    %store/vec4 v000002c2938b96a0_0, 0, 160;
    %jmp T_7.9;
T_7.7 ;
    %pushi/vec4 0, 0, 32; draw_string_vec4
    %pushi/vec4 0, 0, 32; draw_string_vec4
    %concat/vec4; draw_string_vec4
    %pushi/vec4 0, 0, 32; draw_string_vec4
    %concat/vec4; draw_string_vec4
    %pushi/vec4 69, 0, 32; draw_string_vec4
    %concat/vec4; draw_string_vec4
    %pushi/vec4 1381125970, 0, 32; draw_string_vec4
    %concat/vec4; draw_string_vec4
    %store/vec4 v000002c2938b96a0_0, 0, 160;
    %jmp T_7.9;
T_7.9 ;
    %pop/vec4 1;
    %vpi_call 2 60 "$display", "[%0t] State: %s", $time, v000002c2938b96a0_0 {0 0 0};
    %jmp T_7;
    .thread T_7, $push;
    .scope S_000002c293858d60;
T_8 ;
    %pushi/vec4 1, 0, 1;
    %store/vec4 v000002c2938b9e20_0, 0, 1;
    %pushi/vec4 0, 0, 1;
    %store/vec4 v000002c2938b9600_0, 0, 1;
    %pushi/vec4 0, 0, 2;
    %store/vec4 v000002c2938b9420_0, 0, 2;
    %pushi/vec4 1, 0, 1;
    %store/vec4 v000002c2938b87a0_0, 0, 1;
    %delay 100000, 0;
    %pushi/vec4 0, 0, 1;
    %store/vec4 v000002c2938b9e20_0, 0, 1;
    %vpi_call 2 74 "$display", "=== System reset complete ===" {0 0 0};
    %vpi_call 2 77 "$display", "\012=== TEST 1: Normal Wash Cycle ===" {0 0 0};
    %pushi/vec4 0, 0, 2;
    %store/vec4 v000002c2938b9420_0, 0, 2;
    %pushi/vec4 1, 0, 1;
    %store/vec4 v000002c2938b9600_0, 0, 1;
    %delay 10000, 0;
    %pushi/vec4 0, 0, 1;
    %store/vec4 v000002c2938b9600_0, 0, 1;
    %delay 200000000, 0;
    %vpi_call 2 87 "$display", "\012=== TEST 2: Pause/Resume ===" {0 0 0};
    %pushi/vec4 1, 0, 1;
    %store/vec4 v000002c2938b9e20_0, 0, 1;
    %delay 10000, 0;
    %pushi/vec4 0, 0, 1;
    %store/vec4 v000002c2938b9e20_0, 0, 1;
    %pushi/vec4 0, 0, 2;
    %store/vec4 v000002c2938b9420_0, 0, 2;
    %pushi/vec4 1, 0, 1;
    %store/vec4 v000002c2938b9600_0, 0, 1;
    %delay 10000, 0;
    %pushi/vec4 0, 0, 1;
    %store/vec4 v000002c2938b9600_0, 0, 1;
    %delay 50000000, 0;
    %pushi/vec4 1, 0, 1;
    %store/vec4 v000002c2938b9600_0, 0, 1;
    %delay 10000, 0;
    %pushi/vec4 0, 0, 1;
    %store/vec4 v000002c2938b9600_0, 0, 1;
    %vpi_call 2 101 "$display", "System paused" {0 0 0};
    %delay 100000000, 0;
    %pushi/vec4 1, 0, 1;
    %store/vec4 v000002c2938b9600_0, 0, 1;
    %delay 10000, 0;
    %pushi/vec4 0, 0, 1;
    %store/vec4 v000002c2938b9600_0, 0, 1;
    %vpi_call 2 108 "$display", "System resumed" {0 0 0};
    %vpi_call 2 111 "$display", "\012=== TEST 3: Door Safety ===" {0 0 0};
    %pushi/vec4 1, 0, 1;
    %store/vec4 v000002c2938b9e20_0, 0, 1;
    %delay 10000, 0;
    %pushi/vec4 0, 0, 1;
    %store/vec4 v000002c2938b9e20_0, 0, 1;
    %pushi/vec4 1, 0, 2;
    %store/vec4 v000002c2938b9420_0, 0, 2;
    %pushi/vec4 1, 0, 1;
    %store/vec4 v000002c2938b9600_0, 0, 1;
    %delay 10000, 0;
    %pushi/vec4 0, 0, 1;
    %store/vec4 v000002c2938b9600_0, 0, 1;
    %delay 50000000, 0;
    %pushi/vec4 0, 0, 1;
    %store/vec4 v000002c2938b87a0_0, 0, 1;
    %delay 10000, 0;
    %vpi_call 2 124 "$display", "Door opened" {0 0 0};
    %delay 100000000, 0;
    %pushi/vec4 1, 0, 1;
    %store/vec4 v000002c2938b87a0_0, 0, 1;
    %pushi/vec4 1, 0, 1;
    %store/vec4 v000002c2938b9600_0, 0, 1;
    %delay 10000, 0;
    %pushi/vec4 0, 0, 1;
    %store/vec4 v000002c2938b9600_0, 0, 1;
    %vpi_call 2 134 "$display", "\012=== TEST 4: Mode Testing ===" {0 0 0};
    %pushi/vec4 1, 0, 2;
    %store/vec4 v000002c2938248a0_0, 0, 2;
    %pushi/vec4 0, 0, 32; draw_string_vec4
    %pushi/vec4 0, 0, 32; draw_string_vec4
    %concat/vec4; draw_string_vec4
    %pushi/vec4 0, 0, 32; draw_string_vec4
    %concat/vec4; draw_string_vec4
    %pushi/vec4 1147497577, 0, 32; draw_string_vec4
    %concat/vec4; draw_string_vec4
    %pushi/vec4 1667331173, 0, 32; draw_string_vec4
    %concat/vec4; draw_string_vec4
    %store/vec4 v000002c293824940_0, 0, 160;
    %fork TD_washing_machine_tb.test_mode, S_000002c293859480;
    %join;
    %pushi/vec4 2, 0, 2;
    %store/vec4 v000002c2938248a0_0, 0, 2;
    %pushi/vec4 0, 0, 32; draw_string_vec4
    %pushi/vec4 0, 0, 32; draw_string_vec4
    %concat/vec4; draw_string_vec4
    %pushi/vec4 0, 0, 32; draw_string_vec4
    %concat/vec4; draw_string_vec4
    %pushi/vec4 72, 0, 32; draw_string_vec4
    %concat/vec4; draw_string_vec4
    %pushi/vec4 1700886137, 0, 32; draw_string_vec4
    %concat/vec4; draw_string_vec4
    %store/vec4 v000002c293824940_0, 0, 160;
    %fork TD_washing_machine_tb.test_mode, S_000002c293859480;
    %join;
    %pushi/vec4 3, 0, 2;
    %store/vec4 v000002c2938248a0_0, 0, 2;
    %pushi/vec4 0, 0, 32; draw_string_vec4
    %pushi/vec4 0, 0, 32; draw_string_vec4
    %concat/vec4; draw_string_vec4
    %pushi/vec4 21097, 0, 32; draw_string_vec4
    %concat/vec4; draw_string_vec4
    %pushi/vec4 1853056301, 0, 32; draw_string_vec4
    %concat/vec4; draw_string_vec4
    %pushi/vec4 1869507705, 0, 32; draw_string_vec4
    %concat/vec4; draw_string_vec4
    %store/vec4 v000002c293824940_0, 0, 160;
    %fork TD_washing_machine_tb.test_mode, S_000002c293859480;
    %join;
    %delay 100000000, 0;
    %vpi_call 2 141 "$display", "\012=== Simulation Complete ===" {0 0 0};
    %vpi_call 2 142 "$finish" {0 0 0};
    %end;
    .thread T_8;
# The file index is used to find the file name in the following table.
:file_names 6;
    "N/A";
    "<interactive>";
    "tb.v";
    "./washing_machine_top.v";
    "./Washing_Machine_FSM/washing_machine_fsm.v";
    "./Timer/timer.v";
