#! /c/Source/iverilog-install/bin/vvp
:ivl_version "12.0 (devel)" "(s20150603-1539-g2693dd32b)";
:ivl_delay_selection "TYPICAL";
:vpi_time_precision - 12;
:vpi_module "C:\iverilog\lib\ivl\system.vpi";
:vpi_module "C:\iverilog\lib\ivl\vhdl_sys.vpi";
:vpi_module "C:\iverilog\lib\ivl\vhdl_textio.vpi";
:vpi_module "C:\iverilog\lib\ivl\v2005_math.vpi";
:vpi_module "C:\iverilog\lib\ivl\va_math.vpi";
S_0000028040e21ed0 .scope module, "washing_machine_top" "washing_machine_top" 2 5;
 .timescale -9 -12;
    .port_info 0 /INPUT 1 "clk";
    .port_info 1 /INPUT 1 "reset";
    .port_info 2 /INPUT 1 "start_pause";
    .port_info 3 /INPUT 2 "mode_select";
    .port_info 4 /INPUT 1 "door_sensor";
    .port_info 5 /OUTPUT 1 "water_valve";
    .port_info 6 /OUTPUT 1 "drain_valve";
    .port_info 7 /OUTPUT 1 "motor";
    .port_info 8 /OUTPUT 2 "motor_dir";
    .port_info 9 /OUTPUT 4 "leds";
o0000028040e27f48 .functor BUFZ 1, C4<z>; HiZ drive
v0000028040e79b00_0 .net "clk", 0 0, o0000028040e27f48;  0 drivers
o0000028040e28008 .functor BUFZ 1, C4<z>; HiZ drive
v0000028040e79ba0_0 .net "door_sensor", 0 0, o0000028040e28008;  0 drivers
v0000028040e791a0_0 .net "drain_valve", 0 0, v0000028040db6ba0_0;  1 drivers
v0000028040e79c40_0 .net "leds", 3 0, v0000028040e045a0_0;  1 drivers
o0000028040e280f8 .functor BUFZ 2, C4<zz>; HiZ drive
v0000028040e79560_0 .net "mode_select", 1 0, o0000028040e280f8;  0 drivers
v0000028040e79740_0 .net "motor", 0 0, v0000028040e04af0_0;  1 drivers
v0000028040e799c0_0 .net "motor_dir", 1 0, v0000028040e04b90_0;  1 drivers
o0000028040e281b8 .functor BUFZ 1, C4<z>; HiZ drive
v0000028040e797e0_0 .net "reset", 0 0, o0000028040e281b8;  0 drivers
o0000028040e281e8 .functor BUFZ 1, C4<z>; HiZ drive
v0000028040e79ce0_0 .net "start_pause", 0 0, o0000028040e281e8;  0 drivers
v0000028040e79f60_0 .net "timer_done", 0 0, v0000028040e79e20_0;  1 drivers
v0000028040e79920_0 .net "timer_start", 0 0, v0000028040e79240_0;  1 drivers
v0000028040e7c0a0_0 .net "timer_value", 31 0, v0000028040e794c0_0;  1 drivers
v0000028040e7b560_0 .net "water_valve", 0 0, v0000028040e79ec0_0;  1 drivers
S_0000028040db68d0 .scope module, "fsm_inst" "washing_machine_fsm" 2 24, 3 1 0, S_0000028040e21ed0;
 .timescale -9 -12;
    .port_info 0 /INPUT 1 "clk";
    .port_info 1 /INPUT 1 "reset";
    .port_info 2 /INPUT 1 "start_pause";
    .port_info 3 /INPUT 2 "mode_select";
    .port_info 4 /INPUT 1 "door_sensor";
    .port_info 5 /INPUT 1 "timer_done";
    .port_info 6 /OUTPUT 1 "water_valve";
    .port_info 7 /OUTPUT 1 "drain_valve";
    .port_info 8 /OUTPUT 1 "motor";
    .port_info 9 /OUTPUT 2 "motor_dir";
    .port_info 10 /OUTPUT 4 "leds";
    .port_info 11 /OUTPUT 32 "timer_value";
    .port_info 12 /OUTPUT 1 "timer_start";
P_0000028040e1f090 .param/l "COMPLETE" 0 3 24, C4<110>;
P_0000028040e1f0c8 .param/l "DELICATE" 0 3 31, C4<01>;
P_0000028040e1f100 .param/l "ERROR" 0 3 25, C4<111>;
P_0000028040e1f138 .param/l "FILL_TIME" 0 3 36, +C4<00000000010011000100101101000000>;
P_0000028040e1f170 .param/l "FILL_WATER" 0 3 19, C4<001>;
P_0000028040e1f1a8 .param/l "HEAVY" 0 3 32, C4<10>;
P_0000028040e1f1e0 .param/l "IDLE" 0 3 18, C4<000>;
P_0000028040e1f218 .param/l "NORMAL" 0 3 30, C4<00>;
P_0000028040e1f250 .param/l "PAUSE" 0 3 23, C4<101>;
P_0000028040e1f288 .param/l "RINSE" 0 3 21, C4<011>;
P_0000028040e1f2c0 .param/l "RINSE_ONLY" 0 3 33, C4<11>;
P_0000028040e1f2f8 .param/l "RINSE_TIME" 0 3 38, +C4<00000000100110001001011010000000>;
P_0000028040e1f330 .param/l "SPIN" 0 3 22, C4<100>;
P_0000028040e1f368 .param/l "SPIN_TIME" 0 3 39, +C4<00000000011110100001001000000000>;
P_0000028040e1f3a0 .param/l "WASH" 0 3 20, C4<010>;
P_0000028040e1f3d8 .param/l "WASH_TIME" 0 3 37, +C4<00000000111001001110000111000000>;
v0000028040db6e90_0 .net "clk", 0 0, o0000028040e27f48;  alias, 0 drivers
v0000028040e1f420_0 .var "current_mode", 1 0;
v0000028040e22110_0 .var "current_state", 3 0;
v0000028040db6a60_0 .var "door_closed", 0 0;
v0000028040db6b00_0 .net "door_sensor", 0 0, o0000028040e28008;  alias, 0 drivers
v0000028040db6ba0_0 .var "drain_valve", 0 0;
v0000028040db6c40_0 .var "is_paused", 0 0;
v0000028040e04500_0 .var "is_running", 0 0;
v0000028040e045a0_0 .var "leds", 3 0;
v0000028040e04a50_0 .net "mode_select", 1 0, o0000028040e280f8;  alias, 0 drivers
v0000028040e04af0_0 .var "motor", 0 0;
v0000028040e04b90_0 .var "motor_dir", 1 0;
v0000028040e79420_0 .var "next_state", 3 0;
v0000028040e79880_0 .net "reset", 0 0, o0000028040e281b8;  alias, 0 drivers
v0000028040e796a0_0 .net "start_pause", 0 0, o0000028040e281e8;  alias, 0 drivers
v0000028040e79380_0 .net "timer_done", 0 0, v0000028040e79e20_0;  alias, 1 drivers
v0000028040e79240_0 .var "timer_start", 0 0;
v0000028040e794c0_0 .var "timer_value", 31 0;
v0000028040e79ec0_0 .var "water_valve", 0 0;
E_0000028040dff620 .event posedge, v0000028040db6e90_0;
E_0000028040dff8a0/0 .event anyedge, v0000028040e22110_0, v0000028040e796a0_0, v0000028040db6a60_0, v0000028040e04500_0;
E_0000028040dff8a0/1 .event anyedge, v0000028040e04a50_0, v0000028040e79380_0, v0000028040e1f420_0;
E_0000028040dff8a0 .event/or E_0000028040dff8a0/0, E_0000028040dff8a0/1;
E_0000028040dfff60 .event posedge, v0000028040e79880_0, v0000028040db6e90_0;
S_0000028040e7a020 .scope module, "timer_inst" "timer" 2 41, 4 3 0, S_0000028040e21ed0;
 .timescale -9 -12;
    .port_info 0 /INPUT 1 "clk";
    .port_info 1 /INPUT 1 "reset";
    .port_info 2 /INPUT 1 "start";
    .port_info 3 /INPUT 32 "duration";
    .port_info 4 /OUTPUT 1 "done";
v0000028040e79060_0 .var "active", 0 0;
v0000028040e792e0_0 .net "clk", 0 0, o0000028040e27f48;  alias, 0 drivers
v0000028040e79600_0 .var "counter", 31 0;
v0000028040e79e20_0 .var "done", 0 0;
v0000028040e79d80_0 .net "duration", 31 0, v0000028040e794c0_0;  alias, 1 drivers
v0000028040e79100_0 .net "reset", 0 0, o0000028040e281b8;  alias, 0 drivers
v0000028040e79a60_0 .net "start", 0 0, v0000028040e79240_0;  alias, 1 drivers
    .scope S_0000028040db68d0;
T_0 ;
    %wait E_0000028040dfff60;
    %load/vec4 v0000028040e79880_0;
    %flag_set/vec4 8;
    %jmp/0xz  T_0.0, 8;
    %pushi/vec4 0, 0, 4;
    %assign/vec4 v0000028040e22110_0, 0;
    %pushi/vec4 0, 0, 1;
    %assign/vec4 v0000028040e04500_0, 0;
    %pushi/vec4 0, 0, 1;
    %assign/vec4 v0000028040db6c40_0, 0;
    %pushi/vec4 0, 0, 1;
    %assign/vec4 v0000028040e79240_0, 0;
    %jmp T_0.1;
T_0.0 ;
    %load/vec4 v0000028040db6b00_0;
    %assign/vec4 v0000028040db6a60_0, 0;
    %load/vec4 v0000028040e79420_0;
    %assign/vec4 v0000028040e22110_0, 0;
    %load/vec4 v0000028040e79240_0;
    %flag_set/vec4 8;
    %jmp/0xz  T_0.2, 8;
    %pushi/vec4 0, 0, 1;
    %assign/vec4 v0000028040e79240_0, 0;
T_0.2 ;
T_0.1 ;
    %jmp T_0;
    .thread T_0;
    .scope S_0000028040db68d0;
T_1 ;
    %wait E_0000028040dff8a0;
    %load/vec4 v0000028040e22110_0;
    %store/vec4 v0000028040e79420_0, 0, 4;
    %pushi/vec4 0, 0, 1;
    %store/vec4 v0000028040e79240_0, 0, 1;
    %pushi/vec4 0, 0, 32;
    %store/vec4 v0000028040e794c0_0, 0, 32;
    %load/vec4 v0000028040e22110_0;
    %dup/vec4;
    %pushi/vec4 0, 0, 4;
    %cmp/u;
    %jmp/1 T_1.0, 6;
    %dup/vec4;
    %pushi/vec4 1, 0, 4;
    %cmp/u;
    %jmp/1 T_1.1, 6;
    %dup/vec4;
    %pushi/vec4 2, 0, 4;
    %cmp/u;
    %jmp/1 T_1.2, 6;
    %dup/vec4;
    %pushi/vec4 3, 0, 4;
    %cmp/u;
    %jmp/1 T_1.3, 6;
    %dup/vec4;
    %pushi/vec4 4, 0, 4;
    %cmp/u;
    %jmp/1 T_1.4, 6;
    %dup/vec4;
    %pushi/vec4 5, 0, 4;
    %cmp/u;
    %jmp/1 T_1.5, 6;
    %dup/vec4;
    %pushi/vec4 6, 0, 4;
    %cmp/u;
    %jmp/1 T_1.6, 6;
    %dup/vec4;
    %pushi/vec4 7, 0, 4;
    %cmp/u;
    %jmp/1 T_1.7, 6;
    %pushi/vec4 0, 0, 4;
    %store/vec4 v0000028040e79420_0, 0, 4;
    %jmp T_1.9;
T_1.0 ;
    %load/vec4 v0000028040e796a0_0;
    %flag_set/vec4 10;
    %flag_get/vec4 10;
    %jmp/0 T_1.13, 10;
    %load/vec4 v0000028040db6a60_0;
    %and;
T_1.13;
    %flag_set/vec4 9;
    %flag_get/vec4 9;
    %jmp/0 T_1.12, 9;
    %load/vec4 v0000028040e04500_0;
    %nor/r;
    %and;
T_1.12;
    %flag_set/vec4 8;
    %jmp/0xz  T_1.10, 8;
    %pushi/vec4 1, 0, 4;
    %store/vec4 v0000028040e79420_0, 0, 4;
    %pushi/vec4 1, 0, 1;
    %store/vec4 v0000028040e04500_0, 0, 1;
    %load/vec4 v0000028040e04a50_0;
    %store/vec4 v0000028040e1f420_0, 0, 2;
    %pushi/vec4 5000000, 0, 32;
    %store/vec4 v0000028040e794c0_0, 0, 32;
    %pushi/vec4 1, 0, 1;
    %store/vec4 v0000028040e79240_0, 0, 1;
T_1.10 ;
    %jmp T_1.9;
T_1.1 ;
    %load/vec4 v0000028040db6a60_0;
    %nor/r;
    %flag_set/vec4 8;
    %jmp/0xz  T_1.14, 8;
    %pushi/vec4 7, 0, 4;
    %store/vec4 v0000028040e79420_0, 0, 4;
    %jmp T_1.15;
T_1.14 ;
    %load/vec4 v0000028040e79380_0;
    %flag_set/vec4 8;
    %jmp/0xz  T_1.16, 8;
    %load/vec4 v0000028040e1f420_0;
    %cmpi/e 3, 0, 2;
    %jmp/0xz  T_1.18, 4;
    %pushi/vec4 3, 0, 4;
    %store/vec4 v0000028040e79420_0, 0, 4;
    %pushi/vec4 10000000, 0, 32;
    %store/vec4 v0000028040e794c0_0, 0, 32;
    %jmp T_1.19;
T_1.18 ;
    %pushi/vec4 2, 0, 4;
    %store/vec4 v0000028040e79420_0, 0, 4;
    %load/vec4 v0000028040e1f420_0;
    %cmpi/e 1, 0, 2;
    %flag_mov 8, 4;
    %jmp/0 T_1.20, 8;
    %pushi/vec4 7500000, 0, 32;
    %jmp/1 T_1.21, 8;
T_1.20 ; End of true expr.
    %load/vec4 v0000028040e1f420_0;
    %cmpi/e 2, 0, 2;
    %flag_mov 9, 4;
    %jmp/0 T_1.22, 9;
    %pushi/vec4 30000000, 0, 32;
    %jmp/1 T_1.23, 9;
T_1.22 ; End of true expr.
    %pushi/vec4 15000000, 0, 32;
    %jmp/0 T_1.23, 9;
 ; End of false expr.
    %blend;
T_1.23;
    %jmp/0 T_1.21, 8;
 ; End of false expr.
    %blend;
T_1.21;
    %store/vec4 v0000028040e794c0_0, 0, 32;
T_1.19 ;
    %pushi/vec4 1, 0, 1;
    %store/vec4 v0000028040e79240_0, 0, 1;
T_1.16 ;
T_1.15 ;
    %jmp T_1.9;
T_1.2 ;
    %load/vec4 v0000028040db6a60_0;
    %nor/r;
    %flag_set/vec4 8;
    %jmp/0xz  T_1.24, 8;
    %pushi/vec4 7, 0, 4;
    %store/vec4 v0000028040e79420_0, 0, 4;
    %jmp T_1.25;
T_1.24 ;
    %load/vec4 v0000028040e79380_0;
    %flag_set/vec4 8;
    %jmp/0xz  T_1.26, 8;
    %pushi/vec4 3, 0, 4;
    %store/vec4 v0000028040e79420_0, 0, 4;
    %pushi/vec4 10000000, 0, 32;
    %store/vec4 v0000028040e794c0_0, 0, 32;
    %pushi/vec4 1, 0, 1;
    %store/vec4 v0000028040e79240_0, 0, 1;
T_1.26 ;
T_1.25 ;
    %jmp T_1.9;
T_1.3 ;
    %load/vec4 v0000028040db6a60_0;
    %nor/r;
    %flag_set/vec4 8;
    %jmp/0xz  T_1.28, 8;
    %pushi/vec4 7, 0, 4;
    %store/vec4 v0000028040e79420_0, 0, 4;
    %jmp T_1.29;
T_1.28 ;
    %load/vec4 v0000028040e79380_0;
    %flag_set/vec4 8;
    %jmp/0xz  T_1.30, 8;
    %pushi/vec4 4, 0, 4;
    %store/vec4 v0000028040e79420_0, 0, 4;
    %pushi/vec4 8000000, 0, 32;
    %store/vec4 v0000028040e794c0_0, 0, 32;
    %pushi/vec4 1, 0, 1;
    %store/vec4 v0000028040e79240_0, 0, 1;
T_1.30 ;
T_1.29 ;
    %jmp T_1.9;
T_1.4 ;
    %load/vec4 v0000028040db6a60_0;
    %nor/r;
    %flag_set/vec4 8;
    %jmp/0xz  T_1.32, 8;
    %pushi/vec4 7, 0, 4;
    %store/vec4 v0000028040e79420_0, 0, 4;
    %jmp T_1.33;
T_1.32 ;
    %load/vec4 v0000028040e79380_0;
    %flag_set/vec4 8;
    %jmp/0xz  T_1.34, 8;
    %pushi/vec4 6, 0, 4;
    %store/vec4 v0000028040e79420_0, 0, 4;
    %pushi/vec4 0, 0, 32;
    %store/vec4 v0000028040e794c0_0, 0, 32;
    %pushi/vec4 0, 0, 1;
    %store/vec4 v0000028040e79240_0, 0, 1;
T_1.34 ;
T_1.33 ;
    %jmp T_1.9;
T_1.5 ;
    %load/vec4 v0000028040e796a0_0;
    %flag_set/vec4 9;
    %flag_get/vec4 9;
    %jmp/0 T_1.38, 9;
    %load/vec4 v0000028040db6a60_0;
    %and;
T_1.38;
    %flag_set/vec4 8;
    %jmp/0xz  T_1.36, 8;
    %load/vec4 v0000028040e22110_0;
    %store/vec4 v0000028040e79420_0, 0, 4;
    %pushi/vec4 0, 0, 1;
    %store/vec4 v0000028040db6c40_0, 0, 1;
    %pushi/vec4 0, 0, 1;
    %store/vec4 v0000028040e79240_0, 0, 1;
T_1.36 ;
    %jmp T_1.9;
T_1.6 ;
    %load/vec4 v0000028040e796a0_0;
    %flag_set/vec4 8;
    %jmp/0xz  T_1.39, 8;
    %pushi/vec4 0, 0, 4;
    %store/vec4 v0000028040e79420_0, 0, 4;
    %pushi/vec4 0, 0, 1;
    %store/vec4 v0000028040e04500_0, 0, 1;
T_1.39 ;
    %jmp T_1.9;
T_1.7 ;
    %load/vec4 v0000028040db6a60_0;
    %flag_set/vec4 9;
    %flag_get/vec4 9;
    %jmp/0 T_1.43, 9;
    %load/vec4 v0000028040e796a0_0;
    %and;
T_1.43;
    %flag_set/vec4 8;
    %jmp/0xz  T_1.41, 8;
    %pushi/vec4 0, 0, 4;
    %store/vec4 v0000028040e79420_0, 0, 4;
    %pushi/vec4 0, 0, 1;
    %store/vec4 v0000028040e04500_0, 0, 1;
T_1.41 ;
    %jmp T_1.9;
T_1.9 ;
    %pop/vec4 1;
    %load/vec4 v0000028040e796a0_0;
    %flag_set/vec4 11;
    %flag_get/vec4 11;
    %jmp/0 T_1.48, 11;
    %load/vec4 v0000028040e04500_0;
    %and;
T_1.48;
    %flag_set/vec4 10;
    %flag_get/vec4 10;
    %jmp/0 T_1.47, 10;
    %load/vec4 v0000028040db6a60_0;
    %and;
T_1.47;
    %flag_set/vec4 9;
    %flag_get/vec4 9;
    %jmp/0 T_1.46, 9;
    %load/vec4 v0000028040e22110_0;
    %pushi/vec4 5, 0, 4;
    %cmp/ne;
    %flag_get/vec4 4;
    %and;
T_1.46;
    %flag_set/vec4 8;
    %jmp/0xz  T_1.44, 8;
    %pushi/vec4 5, 0, 4;
    %store/vec4 v0000028040e79420_0, 0, 4;
    %pushi/vec4 1, 0, 1;
    %store/vec4 v0000028040db6c40_0, 0, 1;
T_1.44 ;
    %jmp T_1;
    .thread T_1, $push;
    .scope S_0000028040db68d0;
T_2 ;
    %wait E_0000028040dff620;
    %pushi/vec4 0, 0, 1;
    %assign/vec4 v0000028040e79ec0_0, 0;
    %pushi/vec4 0, 0, 1;
    %assign/vec4 v0000028040db6ba0_0, 0;
    %pushi/vec4 0, 0, 1;
    %assign/vec4 v0000028040e04af0_0, 0;
    %pushi/vec4 0, 0, 2;
    %assign/vec4 v0000028040e04b90_0, 0;
    %pushi/vec4 0, 0, 4;
    %assign/vec4 v0000028040e045a0_0, 0;
    %load/vec4 v0000028040e22110_0;
    %dup/vec4;
    %pushi/vec4 0, 0, 4;
    %cmp/u;
    %jmp/1 T_2.0, 6;
    %dup/vec4;
    %pushi/vec4 1, 0, 4;
    %cmp/u;
    %jmp/1 T_2.1, 6;
    %dup/vec4;
    %pushi/vec4 2, 0, 4;
    %cmp/u;
    %jmp/1 T_2.2, 6;
    %dup/vec4;
    %pushi/vec4 3, 0, 4;
    %cmp/u;
    %jmp/1 T_2.3, 6;
    %dup/vec4;
    %pushi/vec4 4, 0, 4;
    %cmp/u;
    %jmp/1 T_2.4, 6;
    %dup/vec4;
    %pushi/vec4 5, 0, 4;
    %cmp/u;
    %jmp/1 T_2.5, 6;
    %dup/vec4;
    %pushi/vec4 6, 0, 4;
    %cmp/u;
    %jmp/1 T_2.6, 6;
    %dup/vec4;
    %pushi/vec4 7, 0, 4;
    %cmp/u;
    %jmp/1 T_2.7, 6;
    %jmp T_2.8;
T_2.0 ;
    %pushi/vec4 1, 0, 4;
    %assign/vec4 v0000028040e045a0_0, 0;
    %jmp T_2.8;
T_2.1 ;
    %pushi/vec4 1, 0, 1;
    %assign/vec4 v0000028040e79ec0_0, 0;
    %pushi/vec4 2, 0, 4;
    %assign/vec4 v0000028040e045a0_0, 0;
    %jmp T_2.8;
T_2.2 ;
    %pushi/vec4 1, 0, 1;
    %assign/vec4 v0000028040e04af0_0, 0;
    %load/vec4 v0000028040e794c0_0;
    %parti/s 1, 20, 6;
    %flag_set/vec4 8;
    %jmp/0 T_2.9, 8;
    %pushi/vec4 1, 0, 2;
    %jmp/1 T_2.10, 8;
T_2.9 ; End of true expr.
    %pushi/vec4 2, 0, 2;
    %jmp/0 T_2.10, 8;
 ; End of false expr.
    %blend;
T_2.10;
    %assign/vec4 v0000028040e04b90_0, 0;
    %pushi/vec4 4, 0, 4;
    %assign/vec4 v0000028040e045a0_0, 0;
    %jmp T_2.8;
T_2.3 ;
    %pushi/vec4 1, 0, 1;
    %assign/vec4 v0000028040e79ec0_0, 0;
    %pushi/vec4 1, 0, 1;
    %assign/vec4 v0000028040e04af0_0, 0;
    %load/vec4 v0000028040e794c0_0;
    %parti/s 1, 20, 6;
    %flag_set/vec4 8;
    %jmp/0 T_2.11, 8;
    %pushi/vec4 1, 0, 2;
    %jmp/1 T_2.12, 8;
T_2.11 ; End of true expr.
    %pushi/vec4 2, 0, 2;
    %jmp/0 T_2.12, 8;
 ; End of false expr.
    %blend;
T_2.12;
    %assign/vec4 v0000028040e04b90_0, 0;
    %pushi/vec4 8, 0, 4;
    %assign/vec4 v0000028040e045a0_0, 0;
    %jmp T_2.8;
T_2.4 ;
    %pushi/vec4 1, 0, 1;
    %assign/vec4 v0000028040db6ba0_0, 0;
    %pushi/vec4 1, 0, 1;
    %assign/vec4 v0000028040e04af0_0, 0;
    %pushi/vec4 1, 0, 2;
    %assign/vec4 v0000028040e04b90_0, 0;
    %pushi/vec4 3, 0, 4;
    %assign/vec4 v0000028040e045a0_0, 0;
    %jmp T_2.8;
T_2.5 ;
    %pushi/vec4 10, 0, 4;
    %assign/vec4 v0000028040e045a0_0, 0;
    %jmp T_2.8;
T_2.6 ;
    %pushi/vec4 15, 0, 4;
    %assign/vec4 v0000028040e045a0_0, 0;
    %jmp T_2.8;
T_2.7 ;
    %pushi/vec4 9, 0, 4;
    %assign/vec4 v0000028040e045a0_0, 0;
    %jmp T_2.8;
T_2.8 ;
    %pop/vec4 1;
    %jmp T_2;
    .thread T_2;
    .scope S_0000028040e7a020;
T_3 ;
    %wait E_0000028040dfff60;
    %load/vec4 v0000028040e79100_0;
    %flag_set/vec4 8;
    %jmp/0xz  T_3.0, 8;
    %pushi/vec4 0, 0, 32;
    %assign/vec4 v0000028040e79600_0, 0;
    %pushi/vec4 0, 0, 1;
    %assign/vec4 v0000028040e79060_0, 0;
    %pushi/vec4 0, 0, 1;
    %assign/vec4 v0000028040e79e20_0, 0;
    %jmp T_3.1;
T_3.0 ;
    %pushi/vec4 0, 0, 1;
    %assign/vec4 v0000028040e79e20_0, 0;
    %load/vec4 v0000028040e79a60_0;
    %flag_set/vec4 8;
    %jmp/0xz  T_3.2, 8;
    %load/vec4 v0000028040e79d80_0;
    %assign/vec4 v0000028040e79600_0, 0;
    %pushi/vec4 1, 0, 1;
    %assign/vec4 v0000028040e79060_0, 0;
    %jmp T_3.3;
T_3.2 ;
    %load/vec4 v0000028040e79060_0;
    %flag_set/vec4 8;
    %jmp/0xz  T_3.4, 8;
    %load/vec4 v0000028040e79600_0;
    %cmpi/u 0, 0, 32;
    %flag_or 5, 4; GT is !LE
    %flag_inv 5;
    %jmp/0xz  T_3.6, 5;
    %load/vec4 v0000028040e79600_0;
    %subi 1, 0, 32;
    %assign/vec4 v0000028040e79600_0, 0;
    %jmp T_3.7;
T_3.6 ;
    %pushi/vec4 0, 0, 1;
    %assign/vec4 v0000028040e79060_0, 0;
    %pushi/vec4 1, 0, 1;
    %assign/vec4 v0000028040e79e20_0, 0;
T_3.7 ;
T_3.4 ;
T_3.3 ;
T_3.1 ;
    %jmp T_3;
    .thread T_3;
# The file index is used to find the file name in the following table.
:file_names 5;
    "N/A";
    "<interactive>";
    "washing_machine_top.v";
    "./Washing_Machine_FSM/washing_machine_fsm.v";
    "./Timer/timer.v";
