#! /c/Source/iverilog-install/bin/vvp
:ivl_version "12.0 (devel)" "(s20150603-1539-g2693dd32b)";
:ivl_delay_selection "TYPICAL";
:vpi_time_precision + 0;
:vpi_module "C:\iverilog\lib\ivl\system.vpi";
:vpi_module "C:\iverilog\lib\ivl\vhdl_sys.vpi";
:vpi_module "C:\iverilog\lib\ivl\vhdl_textio.vpi";
:vpi_module "C:\iverilog\lib\ivl\v2005_math.vpi";
:vpi_module "C:\iverilog\lib\ivl\va_math.vpi";
S_0000023d964a69e0 .scope module, "washing_machine_fsm" "washing_machine_fsm" 2 1;
 .timescale 0 0;
    .port_info 0 /INPUT 1 "clk";
    .port_info 1 /INPUT 1 "reset";
    .port_info 2 /INPUT 1 "start_pause";
    .port_info 3 /INPUT 2 "mode_select";
    .port_info 4 /INPUT 1 "door_sensor";
    .port_info 5 /INPUT 1 "timer_done";
    .port_info 6 /OUTPUT 1 "water_valve";
    .port_info 7 /OUTPUT 1 "drain_valve";
    .port_info 8 /OUTPUT 1 "motor";
    .port_info 9 /OUTPUT 2 "motor_dir";
    .port_info 10 /OUTPUT 4 "leds";
    .port_info 11 /OUTPUT 7 "display";
    .port_info 12 /OUTPUT 32 "timer_value";
    .port_info 13 /OUTPUT 1 "timer_start";
P_0000023d9655fa00 .param/l "COMPLETE" 0 2 25, C4<110>;
P_0000023d9655fa38 .param/l "DELICATE" 0 2 32, C4<01>;
P_0000023d9655fa70 .param/l "ERROR" 0 2 26, C4<111>;
P_0000023d9655faa8 .param/l "FILL_TIME" 0 2 37, +C4<00000000010011000100101101000000>;
P_0000023d9655fae0 .param/l "FILL_WATER" 0 2 20, C4<001>;
P_0000023d9655fb18 .param/l "HEAVY" 0 2 33, C4<10>;
P_0000023d9655fb50 .param/l "IDLE" 0 2 19, C4<000>;
P_0000023d9655fb88 .param/l "NORMAL" 0 2 31, C4<00>;
P_0000023d9655fbc0 .param/l "PAUSE" 0 2 24, C4<101>;
P_0000023d9655fbf8 .param/l "RINSE" 0 2 22, C4<011>;
P_0000023d9655fc30 .param/l "RINSE_ONLY" 0 2 34, C4<11>;
P_0000023d9655fc68 .param/l "RINSE_TIME" 0 2 39, +C4<00000000100110001001011010000000>;
P_0000023d9655fca0 .param/l "SPIN" 0 2 23, C4<100>;
P_0000023d9655fcd8 .param/l "SPIN_TIME" 0 2 40, +C4<00000000011110100001001000000000>;
P_0000023d9655fd10 .param/l "WASH" 0 2 21, C4<010>;
P_0000023d9655fd48 .param/l "WASH_TIME" 0 2 38, +C4<00000000111001001110000111000000>;
o0000023d9657ffa8 .functor BUFZ 1, C4<z>; HiZ drive
v0000023d964a6e30_0 .net "clk", 0 0, o0000023d9657ffa8;  0 drivers
v0000023d964a6c60_0 .var "current_mode", 1 0;
v0000023d965641e0_0 .var "current_state", 3 0;
v0000023d96564280_0 .var "display", 6 0;
v0000023d96564320_0 .var "door_closed", 0 0;
o0000023d96580098 .functor BUFZ 1, C4<z>; HiZ drive
v0000023d965643c0_0 .net "door_sensor", 0 0, o0000023d96580098;  0 drivers
v0000023d96564460_0 .var "drain_valve", 0 0;
v0000023d96564500_0 .var "is_paused", 0 0;
v0000023d965645a0_0 .var "is_running", 0 0;
v0000023d96564640_0 .var "leds", 3 0;
o0000023d96580188 .functor BUFZ 2, C4<zz>; HiZ drive
v0000023d965646e0_0 .net "mode_select", 1 0, o0000023d96580188;  0 drivers
v0000023d96564780_0 .var "motor", 0 0;
v0000023d96564820_0 .var "motor_dir", 1 0;
v0000023d965ceef0_0 .var "next_state", 3 0;
o0000023d96580248 .functor BUFZ 1, C4<z>; HiZ drive
v0000023d965ce310_0 .net "reset", 0 0, o0000023d96580248;  0 drivers
o0000023d96580278 .functor BUFZ 1, C4<z>; HiZ drive
v0000023d965ce130_0 .net "start_pause", 0 0, o0000023d96580278;  0 drivers
o0000023d965802a8 .functor BUFZ 1, C4<z>; HiZ drive
v0000023d965ce270_0 .net "timer_done", 0 0, o0000023d965802a8;  0 drivers
v0000023d965cef90_0 .var "timer_start", 0 0;
v0000023d965ce090_0 .var "timer_value", 31 0;
v0000023d965cee50_0 .var "water_valve", 0 0;
E_0000023d9655c4b0 .event posedge, v0000023d964a6e30_0;
E_0000023d9655cb70/0 .event anyedge, v0000023d965641e0_0, v0000023d965ce130_0, v0000023d96564320_0, v0000023d965645a0_0;
E_0000023d9655cb70/1 .event anyedge, v0000023d965646e0_0, v0000023d965ce270_0, v0000023d964a6c60_0;
E_0000023d9655cb70 .event/or E_0000023d9655cb70/0, E_0000023d9655cb70/1;
E_0000023d9655c670 .event posedge, v0000023d965ce310_0, v0000023d964a6e30_0;
    .scope S_0000023d964a69e0;
T_0 ;
    %wait E_0000023d9655c670;
    %load/vec4 v0000023d965ce310_0;
    %flag_set/vec4 8;
    %jmp/0xz  T_0.0, 8;
    %pushi/vec4 0, 0, 4;
    %assign/vec4 v0000023d965641e0_0, 0;
    %pushi/vec4 0, 0, 1;
    %assign/vec4 v0000023d965645a0_0, 0;
    %pushi/vec4 0, 0, 1;
    %assign/vec4 v0000023d96564500_0, 0;
    %pushi/vec4 0, 0, 1;
    %assign/vec4 v0000023d965cef90_0, 0;
    %jmp T_0.1;
T_0.0 ;
    %load/vec4 v0000023d965643c0_0;
    %assign/vec4 v0000023d96564320_0, 0;
    %load/vec4 v0000023d965ceef0_0;
    %assign/vec4 v0000023d965641e0_0, 0;
    %load/vec4 v0000023d965cef90_0;
    %flag_set/vec4 8;
    %jmp/0xz  T_0.2, 8;
    %pushi/vec4 0, 0, 1;
    %assign/vec4 v0000023d965cef90_0, 0;
T_0.2 ;
T_0.1 ;
    %jmp T_0;
    .thread T_0;
    .scope S_0000023d964a69e0;
T_1 ;
    %wait E_0000023d9655cb70;
    %load/vec4 v0000023d965641e0_0;
    %store/vec4 v0000023d965ceef0_0, 0, 4;
    %pushi/vec4 0, 0, 1;
    %store/vec4 v0000023d965cef90_0, 0, 1;
    %pushi/vec4 0, 0, 32;
    %store/vec4 v0000023d965ce090_0, 0, 32;
    %load/vec4 v0000023d965641e0_0;
    %dup/vec4;
    %pushi/vec4 0, 0, 4;
    %cmp/u;
    %jmp/1 T_1.0, 6;
    %dup/vec4;
    %pushi/vec4 1, 0, 4;
    %cmp/u;
    %jmp/1 T_1.1, 6;
    %dup/vec4;
    %pushi/vec4 2, 0, 4;
    %cmp/u;
    %jmp/1 T_1.2, 6;
    %dup/vec4;
    %pushi/vec4 3, 0, 4;
    %cmp/u;
    %jmp/1 T_1.3, 6;
    %dup/vec4;
    %pushi/vec4 5, 0, 4;
    %cmp/u;
    %jmp/1 T_1.4, 6;
    %dup/vec4;
    %pushi/vec4 6, 0, 4;
    %cmp/u;
    %jmp/1 T_1.5, 6;
    %dup/vec4;
    %pushi/vec4 7, 0, 4;
    %cmp/u;
    %jmp/1 T_1.6, 6;
    %pushi/vec4 0, 0, 4;
    %store/vec4 v0000023d965ceef0_0, 0, 4;
    %jmp T_1.8;
T_1.0 ;
    %load/vec4 v0000023d965ce130_0;
    %flag_set/vec4 10;
    %flag_get/vec4 10;
    %jmp/0 T_1.12, 10;
    %load/vec4 v0000023d96564320_0;
    %and;
T_1.12;
    %flag_set/vec4 9;
    %flag_get/vec4 9;
    %jmp/0 T_1.11, 9;
    %load/vec4 v0000023d965645a0_0;
    %nor/r;
    %and;
T_1.11;
    %flag_set/vec4 8;
    %jmp/0xz  T_1.9, 8;
    %pushi/vec4 1, 0, 4;
    %store/vec4 v0000023d965ceef0_0, 0, 4;
    %pushi/vec4 1, 0, 1;
    %store/vec4 v0000023d965645a0_0, 0, 1;
    %load/vec4 v0000023d965646e0_0;
    %store/vec4 v0000023d964a6c60_0, 0, 2;
    %pushi/vec4 5000000, 0, 32;
    %store/vec4 v0000023d965ce090_0, 0, 32;
    %pushi/vec4 1, 0, 1;
    %store/vec4 v0000023d965cef90_0, 0, 1;
T_1.9 ;
    %jmp T_1.8;
T_1.1 ;
    %load/vec4 v0000023d96564320_0;
    %flag_set/vec4 8;
    %jmp/0xz  T_1.13, 8;
    %pushi/vec4 7, 0, 4;
    %store/vec4 v0000023d965ceef0_0, 0, 4;
    %jmp T_1.14;
T_1.13 ;
    %load/vec4 v0000023d965ce270_0;
    %flag_set/vec4 8;
    %jmp/0xz  T_1.15, 8;
    %load/vec4 v0000023d964a6c60_0;
    %cmpi/e 3, 0, 2;
    %jmp/0xz  T_1.17, 4;
    %pushi/vec4 3, 0, 4;
    %store/vec4 v0000023d965ceef0_0, 0, 4;
    %pushi/vec4 10000000, 0, 32;
    %store/vec4 v0000023d965ce090_0, 0, 32;
    %jmp T_1.18;
T_1.17 ;
    %pushi/vec4 2, 0, 4;
    %store/vec4 v0000023d965ceef0_0, 0, 4;
    %load/vec4 v0000023d964a6c60_0;
    %cmpi/e 1, 0, 2;
    %flag_mov 8, 4;
    %jmp/0 T_1.19, 8;
    %pushi/vec4 7500000, 0, 32;
    %jmp/1 T_1.20, 8;
T_1.19 ; End of true expr.
    %load/vec4 v0000023d964a6c60_0;
    %cmpi/e 2, 0, 2;
    %flag_mov 9, 4;
    %jmp/0 T_1.21, 9;
    %pushi/vec4 30000000, 0, 32;
    %jmp/1 T_1.22, 9;
T_1.21 ; End of true expr.
    %pushi/vec4 15000000, 0, 32;
    %jmp/0 T_1.22, 9;
 ; End of false expr.
    %blend;
T_1.22;
    %jmp/0 T_1.20, 8;
 ; End of false expr.
    %blend;
T_1.20;
    %store/vec4 v0000023d965ce090_0, 0, 32;
T_1.18 ;
    %pushi/vec4 1, 0, 1;
    %store/vec4 v0000023d965cef90_0, 0, 1;
T_1.15 ;
T_1.14 ;
    %jmp T_1.8;
T_1.2 ;
    %load/vec4 v0000023d96564320_0;
    %nor/r;
    %flag_set/vec4 8;
    %jmp/0xz  T_1.23, 8;
    %pushi/vec4 7, 0, 4;
    %store/vec4 v0000023d965ceef0_0, 0, 4;
    %jmp T_1.24;
T_1.23 ;
    %load/vec4 v0000023d965ce270_0;
    %flag_set/vec4 8;
    %jmp/0xz  T_1.25, 8;
    %pushi/vec4 3, 0, 4;
    %store/vec4 v0000023d965ceef0_0, 0, 4;
    %pushi/vec4 10000000, 0, 32;
    %store/vec4 v0000023d965ce090_0, 0, 32;
    %pushi/vec4 1, 0, 1;
    %store/vec4 v0000023d965cef90_0, 0, 1;
T_1.25 ;
T_1.24 ;
    %jmp T_1.8;
T_1.3 ;
    %load/vec4 v0000023d96564320_0;
    %nor/r;
    %flag_set/vec4 8;
    %jmp/0xz  T_1.27, 8;
    %pushi/vec4 7, 0, 4;
    %store/vec4 v0000023d965ceef0_0, 0, 4;
    %jmp T_1.28;
T_1.27 ;
    %load/vec4 v0000023d965ce270_0;
    %flag_set/vec4 8;
    %jmp/0xz  T_1.29, 8;
    %pushi/vec4 4, 0, 4;
    %store/vec4 v0000023d965ceef0_0, 0, 4;
    %pushi/vec4 8000000, 0, 32;
    %store/vec4 v0000023d965ce090_0, 0, 32;
    %pushi/vec4 1, 0, 1;
    %store/vec4 v0000023d965cef90_0, 0, 1;
T_1.29 ;
T_1.28 ;
    %jmp T_1.8;
T_1.4 ;
    %load/vec4 v0000023d965ce130_0;
    %flag_set/vec4 9;
    %flag_get/vec4 9;
    %jmp/0 T_1.33, 9;
    %load/vec4 v0000023d96564320_0;
    %and;
T_1.33;
    %flag_set/vec4 8;
    %jmp/0xz  T_1.31, 8;
    %load/vec4 v0000023d965641e0_0;
    %store/vec4 v0000023d965ceef0_0, 0, 4;
    %pushi/vec4 0, 0, 1;
    %store/vec4 v0000023d96564500_0, 0, 1;
    %pushi/vec4 0, 0, 1;
    %store/vec4 v0000023d965cef90_0, 0, 1;
T_1.31 ;
    %jmp T_1.8;
T_1.5 ;
    %load/vec4 v0000023d965ce130_0;
    %flag_set/vec4 8;
    %jmp/0xz  T_1.34, 8;
    %pushi/vec4 0, 0, 4;
    %store/vec4 v0000023d965ceef0_0, 0, 4;
    %pushi/vec4 0, 0, 1;
    %store/vec4 v0000023d965645a0_0, 0, 1;
T_1.34 ;
    %jmp T_1.8;
T_1.6 ;
    %load/vec4 v0000023d96564320_0;
    %flag_set/vec4 9;
    %flag_get/vec4 9;
    %jmp/0 T_1.38, 9;
    %load/vec4 v0000023d965ce130_0;
    %and;
T_1.38;
    %flag_set/vec4 8;
    %jmp/0xz  T_1.36, 8;
    %pushi/vec4 0, 0, 4;
    %store/vec4 v0000023d965ceef0_0, 0, 4;
    %pushi/vec4 0, 0, 1;
    %store/vec4 v0000023d965645a0_0, 0, 1;
T_1.36 ;
    %jmp T_1.8;
T_1.8 ;
    %pop/vec4 1;
    %load/vec4 v0000023d965ce130_0;
    %flag_set/vec4 11;
    %flag_get/vec4 11;
    %jmp/0 T_1.43, 11;
    %load/vec4 v0000023d965645a0_0;
    %and;
T_1.43;
    %flag_set/vec4 10;
    %flag_get/vec4 10;
    %jmp/0 T_1.42, 10;
    %load/vec4 v0000023d96564320_0;
    %and;
T_1.42;
    %flag_set/vec4 9;
    %flag_get/vec4 9;
    %jmp/0 T_1.41, 9;
    %load/vec4 v0000023d965641e0_0;
    %pushi/vec4 5, 0, 4;
    %cmp/ne;
    %flag_get/vec4 4;
    %and;
T_1.41;
    %flag_set/vec4 8;
    %jmp/0xz  T_1.39, 8;
    %pushi/vec4 5, 0, 4;
    %store/vec4 v0000023d965ceef0_0, 0, 4;
    %pushi/vec4 1, 0, 1;
    %store/vec4 v0000023d96564500_0, 0, 1;
T_1.39 ;
    %jmp T_1;
    .thread T_1, $push;
    .scope S_0000023d964a69e0;
T_2 ;
    %wait E_0000023d9655c4b0;
    %pushi/vec4 0, 0, 1;
    %assign/vec4 v0000023d965cee50_0, 0;
    %pushi/vec4 0, 0, 1;
    %assign/vec4 v0000023d96564460_0, 0;
    %pushi/vec4 0, 0, 1;
    %assign/vec4 v0000023d96564780_0, 0;
    %pushi/vec4 0, 0, 2;
    %assign/vec4 v0000023d96564820_0, 0;
    %pushi/vec4 0, 0, 4;
    %assign/vec4 v0000023d96564640_0, 0;
    %pushi/vec4 0, 0, 7;
    %assign/vec4 v0000023d96564280_0, 0;
    %load/vec4 v0000023d965641e0_0;
    %dup/vec4;
    %pushi/vec4 0, 0, 4;
    %cmp/u;
    %jmp/1 T_2.0, 6;
    %dup/vec4;
    %pushi/vec4 1, 0, 4;
    %cmp/u;
    %jmp/1 T_2.1, 6;
    %dup/vec4;
    %pushi/vec4 2, 0, 4;
    %cmp/u;
    %jmp/1 T_2.2, 6;
    %dup/vec4;
    %pushi/vec4 3, 0, 4;
    %cmp/u;
    %jmp/1 T_2.3, 6;
    %dup/vec4;
    %pushi/vec4 4, 0, 4;
    %cmp/u;
    %jmp/1 T_2.4, 6;
    %dup/vec4;
    %pushi/vec4 5, 0, 4;
    %cmp/u;
    %jmp/1 T_2.5, 6;
    %dup/vec4;
    %pushi/vec4 6, 0, 4;
    %cmp/u;
    %jmp/1 T_2.6, 6;
    %dup/vec4;
    %pushi/vec4 7, 0, 4;
    %cmp/u;
    %jmp/1 T_2.7, 6;
    %jmp T_2.8;
T_2.0 ;
    %pushi/vec4 1, 0, 4;
    %assign/vec4 v0000023d96564640_0, 0;
    %pushi/vec4 121, 0, 7;
    %assign/vec4 v0000023d96564280_0, 0;
    %jmp T_2.8;
T_2.1 ;
    %pushi/vec4 1, 0, 1;
    %assign/vec4 v0000023d965cee50_0, 0;
    %pushi/vec4 2, 0, 4;
    %assign/vec4 v0000023d96564640_0, 0;
    %pushi/vec4 36, 0, 7;
    %assign/vec4 v0000023d96564280_0, 0;
    %jmp T_2.8;
T_2.2 ;
    %pushi/vec4 1, 0, 1;
    %assign/vec4 v0000023d96564780_0, 0;
    %load/vec4 v0000023d965ce090_0;
    %parti/s 1, 20, 6;
    %flag_set/vec4 8;
    %jmp/0 T_2.9, 8;
    %pushi/vec4 1, 0, 2;
    %jmp/1 T_2.10, 8;
T_2.9 ; End of true expr.
    %pushi/vec4 2, 0, 2;
    %jmp/0 T_2.10, 8;
 ; End of false expr.
    %blend;
T_2.10;
    %assign/vec4 v0000023d96564820_0, 0;
    %pushi/vec4 4, 0, 4;
    %assign/vec4 v0000023d96564640_0, 0;
    %pushi/vec4 48, 0, 7;
    %assign/vec4 v0000023d96564280_0, 0;
    %jmp T_2.8;
T_2.3 ;
    %pushi/vec4 1, 0, 1;
    %assign/vec4 v0000023d965cee50_0, 0;
    %pushi/vec4 1, 0, 1;
    %assign/vec4 v0000023d96564780_0, 0;
    %load/vec4 v0000023d965ce090_0;
    %parti/s 1, 20, 6;
    %flag_set/vec4 8;
    %jmp/0 T_2.11, 8;
    %pushi/vec4 1, 0, 2;
    %jmp/1 T_2.12, 8;
T_2.11 ; End of true expr.
    %pushi/vec4 2, 0, 2;
    %jmp/0 T_2.12, 8;
 ; End of false expr.
    %blend;
T_2.12;
    %assign/vec4 v0000023d96564820_0, 0;
    %pushi/vec4 8, 0, 4;
    %assign/vec4 v0000023d96564640_0, 0;
    %pushi/vec4 25, 0, 7;
    %assign/vec4 v0000023d96564280_0, 0;
    %jmp T_2.8;
T_2.4 ;
    %pushi/vec4 1, 0, 1;
    %assign/vec4 v0000023d96564460_0, 0;
    %pushi/vec4 1, 0, 1;
    %assign/vec4 v0000023d96564780_0, 0;
    %pushi/vec4 1, 0, 2;
    %assign/vec4 v0000023d96564820_0, 0;
    %pushi/vec4 3, 0, 4;
    %assign/vec4 v0000023d96564640_0, 0;
    %pushi/vec4 18, 0, 7;
    %assign/vec4 v0000023d96564280_0, 0;
    %jmp T_2.8;
T_2.5 ;
    %pushi/vec4 10, 0, 4;
    %assign/vec4 v0000023d96564640_0, 0;
    %pushi/vec4 12, 0, 7;
    %assign/vec4 v0000023d96564280_0, 0;
    %jmp T_2.8;
T_2.6 ;
    %pushi/vec4 15, 0, 4;
    %assign/vec4 v0000023d96564640_0, 0;
    %pushi/vec4 64, 0, 7;
    %assign/vec4 v0000023d96564280_0, 0;
    %jmp T_2.8;
T_2.7 ;
    %pushi/vec4 9, 0, 4;
    %assign/vec4 v0000023d96564640_0, 0;
    %pushi/vec4 6, 0, 7;
    %assign/vec4 v0000023d96564280_0, 0;
    %jmp T_2.8;
T_2.8 ;
    %pop/vec4 1;
    %jmp T_2;
    .thread T_2;
# The file index is used to find the file name in the following table.
:file_names 3;
    "N/A";
    "<interactive>";
    "washing_machine_fsm.v";
