#! /c/Source/iverilog-install/bin/vvp
:ivl_version "12.0 (devel)" "(s20150603-1539-g2693dd32b)";
:ivl_delay_selection "TYPICAL";
:vpi_time_precision - 12;
:vpi_module "C:\iverilog\lib\ivl\system.vpi";
:vpi_module "C:\iverilog\lib\ivl\vhdl_sys.vpi";
:vpi_module "C:\iverilog\lib\ivl\vhdl_textio.vpi";
:vpi_module "C:\iverilog\lib\ivl\v2005_math.vpi";
:vpi_module "C:\iverilog\lib\ivl\va_math.vpi";
S_000001e826db69e0 .scope module, "timer" "timer" 2 3;
 .timescale -9 -12;
    .port_info 0 /INPUT 1 "clk";
    .port_info 1 /INPUT 1 "reset";
    .port_info 2 /INPUT 1 "start";
    .port_info 3 /INPUT 32 "duration";
    .port_info 4 /OUTPUT 1 "done";
v000001e826db6b70_0 .var "active", 0 0;
o000001e826e07008 .functor BUFZ 1, C4<z>; HiZ drive
v000001e826db6c10_0 .net "clk", 0 0, o000001e826e07008;  0 drivers
v000001e826db6cb0_0 .var "counter", 31 0;
v000001e826dbbe00_0 .var "done", 0 0;
o000001e826e07098 .functor BUFZ 32, C4<zzzzzzzzzzzzzzzzzzzzzzzzzzzzzzzz>; HiZ drive
v000001e826dbbea0_0 .net "duration", 31 0, o000001e826e07098;  0 drivers
o000001e826e070c8 .functor BUFZ 1, C4<z>; HiZ drive
v000001e826dbbf40_0 .net "reset", 0 0, o000001e826e070c8;  0 drivers
o000001e826e070f8 .functor BUFZ 1, C4<z>; HiZ drive
v000001e826e02db0_0 .net "start", 0 0, o000001e826e070f8;  0 drivers
E_000001e826dbc070 .event posedge, v000001e826dbbf40_0, v000001e826db6c10_0;
    .scope S_000001e826db69e0;
T_0 ;
    %wait E_000001e826dbc070;
    %load/vec4 v000001e826dbbf40_0;
    %flag_set/vec4 8;
    %jmp/0xz  T_0.0, 8;
    %pushi/vec4 0, 0, 32;
    %assign/vec4 v000001e826db6cb0_0, 0;
    %pushi/vec4 0, 0, 1;
    %assign/vec4 v000001e826db6b70_0, 0;
    %pushi/vec4 0, 0, 1;
    %assign/vec4 v000001e826dbbe00_0, 0;
    %jmp T_0.1;
T_0.0 ;
    %pushi/vec4 0, 0, 1;
    %assign/vec4 v000001e826dbbe00_0, 0;
    %load/vec4 v000001e826e02db0_0;
    %flag_set/vec4 8;
    %jmp/0xz  T_0.2, 8;
    %load/vec4 v000001e826dbbea0_0;
    %assign/vec4 v000001e826db6cb0_0, 0;
    %pushi/vec4 1, 0, 1;
    %assign/vec4 v000001e826db6b70_0, 0;
    %jmp T_0.3;
T_0.2 ;
    %load/vec4 v000001e826db6b70_0;
    %flag_set/vec4 8;
    %jmp/0xz  T_0.4, 8;
    %load/vec4 v000001e826db6cb0_0;
    %cmpi/u 0, 0, 32;
    %flag_or 5, 4; GT is !LE
    %flag_inv 5;
    %jmp/0xz  T_0.6, 5;
    %load/vec4 v000001e826db6cb0_0;
    %subi 1, 0, 32;
    %assign/vec4 v000001e826db6cb0_0, 0;
    %jmp T_0.7;
T_0.6 ;
    %pushi/vec4 0, 0, 1;
    %assign/vec4 v000001e826db6b70_0, 0;
    %pushi/vec4 1, 0, 1;
    %assign/vec4 v000001e826dbbe00_0, 0;
T_0.7 ;
T_0.4 ;
T_0.3 ;
T_0.1 ;
    %jmp T_0;
    .thread T_0;
# The file index is used to find the file name in the following table.
:file_names 3;
    "N/A";
    "<interactive>";
    "timer.v";
